--------------------------------------------------------------------------------
Release 14.7 Trace  (nt64)
Copyright (c) 1995-2013 Xilinx, Inc.  All rights reserved.

C:\Xilinx\14.7\ISE_DS\ISE\bin\nt64\unwrapped\trce.exe -intstyle ise -v 3 -s 3
-n 3 -fastpaths -xml led2.twx led2.ncd -o led2.twr led2.pcf -ucf led2.ucf

Design file:              led2.ncd
Physical constraint file: led2.pcf
Device,package,speed:     xc6slx9,tqg144,C,-3 (PRODUCTION 1.23 2013-10-13)
Report level:             verbose report

Environment Variable      Effect 
--------------------      ------ 
NONE                      No environment variables were set
--------------------------------------------------------------------------------

INFO:Timing:2698 - No timing constraints found, doing default enumeration.
INFO:Timing:3412 - To improve timing, see the Timing Closure User Guide (UG612).
INFO:Timing:2752 - To get complete path coverage, use the unconstrained paths 
   option. All paths that are not constrained will be reported in the 
   unconstrained paths section(s) of the report.
INFO:Timing:3339 - The clock-to-out numbers in this timing report are based on 
   a 50 Ohm transmission line loading model.  For the details of this model, 
   and for more information on accounting for different loading conditions, 
   please see the device datasheet.



Data Sheet report:
-----------------
All values displayed in nanoseconds (ns)

Pad to Pad
---------------+---------------+---------+
Source Pad     |Destination Pad|  Delay  |
---------------+---------------+---------+
in_ir          |LED0           |    7.043|
in_ir          |Output1        |    8.013|
in_ir1         |LED1           |    7.374|
in_ir1         |Output1        |    7.923|
in_ir2         |LED2           |    7.330|
in_ir2         |Output1        |    8.049|
in_ir3         |LED3           |    7.921|
in_ir3         |Output1        |    8.011|
in_ir4         |LED4           |    8.553|
in_ir4         |Output1        |    8.712|
in_ir5         |LED5           |    9.760|
in_ir5         |Output1        |    9.056|
in_ir6         |LED6           |    9.655|
in_ir6         |Output1        |    8.992|
in_ir7         |LED7           |    9.824|
in_ir7         |Output1        |    9.116|
---------------+---------------+---------+


Analysis completed Sat Dec 10 15:28:46 2022 
--------------------------------------------------------------------------------

Trace Settings:
-------------------------
Trace Settings 

Peak Memory Usage: 4571 MB



